<?xml version="1.0" encoding="UTF-8"?>
<testsuite name="jpabook.jpashop.JpaShopApplicationTests" tests="1" skipped="0" failures="0" errors="0" timestamp="2020-05-21T07:05:35" hostname="MacBook-Pro.local" time="0.051">
  <properties/>
  <testcase name="contextLoads" classname="jpabook.jpashop.JpaShopApplicationTests" time="0.051"/>
  <system-out><![CDATA[2020-05-21 16:05:35.406  INFO 3394 --- [    Test worker] .b.t.c.SpringBootTestContextBootstrapper : Neither @ContextConfiguration nor @ContextHierarchy found for test class [jpabook.jpashop.JpaShopApplicationTests], using SpringBootContextLoader
2020-05-21 16:05:35.407  INFO 3394 --- [    Test worker] o.s.t.c.support.AbstractContextLoader    : Could not detect default resource locations for test class [jpabook.jpashop.JpaShopApplicationTests]: no resource found for suffixes {-context.xml, Context.groovy}.
2020-05-21 16:05:35.408  INFO 3394 --- [    Test worker] t.c.s.AnnotationConfigContextLoaderUtils : Could not detect default configuration classes for test class [jpabook.jpashop.JpaShopApplicationTests]: JpaShopApplicationTests does not declare any static, non-private, non-final, nested classes annotated with @Configuration.
2020-05-21 16:05:35.433  INFO 3394 --- [    Test worker] .b.t.c.SpringBootTestContextBootstrapper : Found @SpringBootConfiguration jpabook.jpashop.JpashopApplication for test class jpabook.jpashop.JpaShopApplicationTests
2020-05-21 16:05:35.436  INFO 3394 --- [    Test worker] .b.t.c.SpringBootTestContextBootstrapper : Loaded default TestExecutionListener class names from location [META-INF/spring.factories]: [org.springframework.security.test.context.support.WithSecurityContextTestExecutionListener, org.springframework.security.test.context.support.ReactorContextTestExecutionListener, org.springframework.boot.test.autoconfigure.restdocs.RestDocsTestExecutionListener, org.springframework.boot.test.autoconfigure.web.client.MockRestServiceServerResetTestExecutionListener, org.springframework.boot.test.autoconfigure.web.servlet.MockMvcPrintOnlyOnFailureTestExecutionListener, org.springframework.boot.test.autoconfigure.web.servlet.WebDriverTestExecutionListener, org.springframework.boot.test.mock.mockito.MockitoTestExecutionListener, org.springframework.boot.test.mock.mockito.ResetMocksTestExecutionListener, org.springframework.test.context.web.ServletTestExecutionListener, org.springframework.test.context.support.DirtiesContextBeforeModesTestExecutionListener, org.springframework.test.context.support.DependencyInjectionTestExecutionListener, org.springframework.test.context.support.DirtiesContextTestExecutionListener, org.springframework.test.context.transaction.TransactionalTestExecutionListener, org.springframework.test.context.jdbc.SqlScriptsTestExecutionListener]
2020-05-21 16:05:35.439  INFO 3394 --- [    Test worker] .b.t.c.SpringBootTestContextBootstrapper : Using TestExecutionListeners: [org.springframework.test.context.web.ServletTestExecutionListener@6b394425, org.springframework.test.context.support.DirtiesContextBeforeModesTestExecutionListener@1f19f9e1, org.springframework.boot.test.mock.mockito.MockitoTestExecutionListener@13386cb6, org.springframework.boot.test.autoconfigure.SpringBootDependencyInjectionTestExecutionListener@1233c622, org.springframework.test.context.support.DirtiesContextTestExecutionListener@330ab02d, org.springframework.test.context.transaction.TransactionalTestExecutionListener@638c915c, org.springframework.test.context.jdbc.SqlScriptsTestExecutionListener@33011c47, org.springframework.security.test.context.support.WithSecurityContextTestExecutionListener@3f8fded3, org.springframework.security.test.context.support.ReactorContextTestExecutionListener@59628ad7, org.springframework.boot.test.autoconfigure.restdocs.RestDocsTestExecutionListener@5e63f6d6, org.springframework.boot.test.autoconfigure.web.client.MockRestServiceServerResetTestExecutionListener@653b3a79, org.springframework.boot.test.autoconfigure.web.servlet.MockMvcPrintOnlyOnFailureTestExecutionListener@2403194b, org.springframework.boot.test.autoconfigure.web.servlet.WebDriverTestExecutionListener@697a0b2e, org.springframework.boot.test.mock.mockito.ResetMocksTestExecutionListener@28ee8591]
]]></system-out>
  <system-err><![CDATA[]]></system-err>
</testsuite>
