<?xml version="1.0" encoding="UTF-8"?>
<testsuite name="jpabook.jpashop.service.MemberServiceTest" tests="3" skipped="0" failures="0" errors="0" timestamp="2020-05-21T07:05:33" hostname="MacBook-Pro.local" time="1.207">
  <properties/>
  <testcase name="REGISTER_MEMBER" classname="jpabook.jpashop.service.MemberServiceTest" time="0.952"/>
  <testcase name="DUPLICATED_REGISTER_MEMBER_ID" classname="jpabook.jpashop.service.MemberServiceTest" time="0.084"/>
  <testcase name="DUPLICATED_REGISTER_MEMBER_EMAIL_ADDRESS" classname="jpabook.jpashop.service.MemberServiceTest" time="0.168"/>
  <system-out><![CDATA[2020-05-21 16:05:33.851  INFO 3394 --- [    Test worker] .b.t.c.SpringBootTestContextBootstrapper : Neither @ContextConfiguration nor @ContextHierarchy found for test class [jpabook.jpashop.service.MemberServiceTest], using SpringBootContextLoader
2020-05-21 16:05:33.852  INFO 3394 --- [    Test worker] o.s.t.c.support.AbstractContextLoader    : Could not detect default resource locations for test class [jpabook.jpashop.service.MemberServiceTest]: no resource found for suffixes {-context.xml, Context.groovy}.
2020-05-21 16:05:33.852  INFO 3394 --- [    Test worker] t.c.s.AnnotationConfigContextLoaderUtils : Could not detect default configuration classes for test class [jpabook.jpashop.service.MemberServiceTest]: MemberServiceTest does not declare any static, non-private, non-final, nested classes annotated with @Configuration.
2020-05-21 16:05:33.854  INFO 3394 --- [    Test worker] .b.t.c.SpringBootTestContextBootstrapper : Found @SpringBootConfiguration jpabook.jpashop.JpashopApplication for test class jpabook.jpashop.service.MemberServiceTest
2020-05-21 16:05:33.855  INFO 3394 --- [    Test worker] .b.t.c.SpringBootTestContextBootstrapper : Loaded default TestExecutionListener class names from location [META-INF/spring.factories]: [org.springframework.security.test.context.support.WithSecurityContextTestExecutionListener, org.springframework.security.test.context.support.ReactorContextTestExecutionListener, org.springframework.boot.test.autoconfigure.restdocs.RestDocsTestExecutionListener, org.springframework.boot.test.autoconfigure.web.client.MockRestServiceServerResetTestExecutionListener, org.springframework.boot.test.autoconfigure.web.servlet.MockMvcPrintOnlyOnFailureTestExecutionListener, org.springframework.boot.test.autoconfigure.web.servlet.WebDriverTestExecutionListener, org.springframework.boot.test.mock.mockito.MockitoTestExecutionListener, org.springframework.boot.test.mock.mockito.ResetMocksTestExecutionListener, org.springframework.test.context.web.ServletTestExecutionListener, org.springframework.test.context.support.DirtiesContextBeforeModesTestExecutionListener, org.springframework.test.context.support.DependencyInjectionTestExecutionListener, org.springframework.test.context.support.DirtiesContextTestExecutionListener, org.springframework.test.context.transaction.TransactionalTestExecutionListener, org.springframework.test.context.jdbc.SqlScriptsTestExecutionListener]
2020-05-21 16:05:33.858  INFO 3394 --- [    Test worker] .b.t.c.SpringBootTestContextBootstrapper : Using TestExecutionListeners: [org.springframework.test.context.web.ServletTestExecutionListener@378504a5, org.springframework.test.context.support.DirtiesContextBeforeModesTestExecutionListener@402a3efa, org.springframework.boot.test.mock.mockito.MockitoTestExecutionListener@3234b0b4, org.springframework.boot.test.autoconfigure.SpringBootDependencyInjectionTestExecutionListener@4d29f009, org.springframework.test.context.support.DirtiesContextTestExecutionListener@52966525, org.springframework.test.context.transaction.TransactionalTestExecutionListener@435a4c63, org.springframework.test.context.jdbc.SqlScriptsTestExecutionListener@547cf5ac, org.springframework.security.test.context.support.WithSecurityContextTestExecutionListener@5657ee92, org.springframework.security.test.context.support.ReactorContextTestExecutionListener@37890630, org.springframework.boot.test.autoconfigure.restdocs.RestDocsTestExecutionListener@26a17df6, org.springframework.boot.test.autoconfigure.web.client.MockRestServiceServerResetTestExecutionListener@15c32d1b, org.springframework.boot.test.autoconfigure.web.servlet.MockMvcPrintOnlyOnFailureTestExecutionListener@7c89724f, org.springframework.boot.test.autoconfigure.web.servlet.WebDriverTestExecutionListener@3ce4368, org.springframework.boot.test.mock.mockito.ResetMocksTestExecutionListener@2e2dd02a]
2020-05-21 16:05:33.902  INFO 3394 --- [    Test worker] o.s.t.c.transaction.TransactionContext   : Began transaction (1) for test context [DefaultTestContext@59f9522 testClass = MemberServiceTest, testInstance = jpabook.jpashop.service.MemberServiceTest@52f1d69b, testMethod = REGISTER_MEMBER@MemberServiceTest, testException = [null], mergedContextConfiguration = [WebMergedContextConfiguration@51473efd testClass = MemberServiceTest, locations = '{}', classes = '{class jpabook.jpashop.JpashopApplication}', contextInitializerClasses = '[]', activeProfiles = '{}', propertySourceLocations = '{}', propertySourceProperties = '{org.springframework.boot.test.context.SpringBootTestContextBootstrapper=true}', contextCustomizers = set[org.springframework.boot.test.autoconfigure.properties.PropertyMappingContextCustomizer@0, org.springframework.boot.test.autoconfigure.web.servlet.WebDriverContextCustomizerFactory$Customizer@41206f4d, org.springframework.boot.test.context.filter.ExcludeFilterContextCustomizer@6ed567d9, org.springframework.boot.test.json.DuplicateJsonObjectContextCustomizerFactory$DuplicateJsonObjectContextCustomizer@533811d6, org.springframework.boot.test.mock.mockito.MockitoContextCustomizer@0, org.springframework.boot.test.web.client.TestRestTemplateContextCustomizer@6a762210], resourceBasePath = 'src/main/webapp', contextLoader = 'org.springframework.boot.test.context.SpringBootContextLoader', parent = [null]], attributes = map['org.springframework.test.context.web.ServletTestExecutionListener.activateListener' -> true, 'org.springframework.test.context.web.ServletTestExecutionListener.populatedRequestContextHolder' -> true, 'org.springframework.test.context.web.ServletTestExecutionListener.resetRequestContextHolder' -> true]]; transaction manager [org.springframework.orm.jpa.JpaTransactionManager@8d6bf9d]; rollback [false]
2020-05-21 16:05:34.038  INFO 3394 --- [    Test worker] o.h.h.i.QueryTranslatorFactoryInitiator  : HHH000397: Using ASTQueryTranslatorFactory
2020-05-21 16:05:34.605 DEBUG 3394 --- [    Test worker] org.hibernate.SQL                        : select member0_.member_id as member_i1_3_, member0_.department as departme2_3_, member0_.email_address as email_ad3_3_, member0_.first_name as first_na4_3_, member0_.group_allocation as group_al5_3_, member0_.last_name as last_nam6_3_, member0_.name as name7_3_, member0_.notes as notes8_3_, member0_.pathway as pathway9_3_, member0_.priority as priorit10_3_, member0_.research_group as researc11_3_, member0_.role as role12_3_, member0_.status as status13_3_, member0_.supervisor as supervi14_3_ from member member0_ where member0_.name=?
2020-05-21 16:05:34.608 TRACE 3394 --- [    Test worker] o.h.type.descriptor.sql.BasicBinder      : binding parameter [1] as [VARCHAR] - [jp17528]
2020-05-21 16:05:34.609  INFO 3394 --- [    Test worker] p6spy                                    : #1590044734609 | took 0ms | statement | connection 9| url jdbc:h2:mem:testdb
select member0_.member_id as member_i1_3_, member0_.department as departme2_3_, member0_.email_address as email_ad3_3_, member0_.first_name as first_na4_3_, member0_.group_allocation as group_al5_3_, member0_.last_name as last_nam6_3_, member0_.name as name7_3_, member0_.notes as notes8_3_, member0_.pathway as pathway9_3_, member0_.priority as priorit10_3_, member0_.research_group as researc11_3_, member0_.role as role12_3_, member0_.status as status13_3_, member0_.supervisor as supervi14_3_ from member member0_ where member0_.name=?
select member0_.member_id as member_i1_3_, member0_.department as departme2_3_, member0_.email_address as email_ad3_3_, member0_.first_name as first_na4_3_, member0_.group_allocation as group_al5_3_, member0_.last_name as last_nam6_3_, member0_.name as name7_3_, member0_.notes as notes8_3_, member0_.pathway as pathway9_3_, member0_.priority as priorit10_3_, member0_.research_group as researc11_3_, member0_.role as role12_3_, member0_.status as status13_3_, member0_.supervisor as supervi14_3_ from member member0_ where member0_.name='jp17528';
2020-05-21 16:05:34.704 DEBUG 3394 --- [    Test worker] org.hibernate.SQL                        : select member0_.member_id as member_i1_3_, member0_.department as departme2_3_, member0_.email_address as email_ad3_3_, member0_.first_name as first_na4_3_, member0_.group_allocation as group_al5_3_, member0_.last_name as last_nam6_3_, member0_.name as name7_3_, member0_.notes as notes8_3_, member0_.pathway as pathway9_3_, member0_.priority as priorit10_3_, member0_.research_group as researc11_3_, member0_.role as role12_3_, member0_.status as status13_3_, member0_.supervisor as supervi14_3_ from member member0_ where member0_.email_address=?
2020-05-21 16:05:34.705 TRACE 3394 --- [    Test worker] o.h.type.descriptor.sql.BasicBinder      : binding parameter [1] as [VARCHAR] - [null]
2020-05-21 16:05:34.706  INFO 3394 --- [    Test worker] p6spy                                    : #1590044734706 | took 0ms | statement | connection 9| url jdbc:h2:mem:testdb
select member0_.member_id as member_i1_3_, member0_.department as departme2_3_, member0_.email_address as email_ad3_3_, member0_.first_name as first_na4_3_, member0_.group_allocation as group_al5_3_, member0_.last_name as last_nam6_3_, member0_.name as name7_3_, member0_.notes as notes8_3_, member0_.pathway as pathway9_3_, member0_.priority as priorit10_3_, member0_.research_group as researc11_3_, member0_.role as role12_3_, member0_.status as status13_3_, member0_.supervisor as supervi14_3_ from member member0_ where member0_.email_address=?
select member0_.member_id as member_i1_3_, member0_.department as departme2_3_, member0_.email_address as email_ad3_3_, member0_.first_name as first_na4_3_, member0_.group_allocation as group_al5_3_, member0_.last_name as last_nam6_3_, member0_.name as name7_3_, member0_.notes as notes8_3_, member0_.pathway as pathway9_3_, member0_.priority as priorit10_3_, member0_.research_group as researc11_3_, member0_.role as role12_3_, member0_.status as status13_3_, member0_.supervisor as supervi14_3_ from member member0_ where member0_.email_address=NULL;
2020-05-21 16:05:34.707 DEBUG 3394 --- [    Test worker] org.hibernate.SQL                        : call next value for hibernate_sequence
2020-05-21 16:05:34.707  INFO 3394 --- [    Test worker] p6spy                                    : #1590044734707 | took 0ms | statement | connection 9| url jdbc:h2:mem:testdb
call next value for hibernate_sequence
call next value for hibernate_sequence;
2020-05-21 16:05:34.756 DEBUG 3394 --- [    Test worker] org.hibernate.SQL                        : insert into member (department, email_address, first_name, group_allocation, last_name, name, notes, pathway, priority, research_group, role, status, supervisor, member_id) values (?, ?, ?, ?, ?, ?, ?, ?, ?, ?, ?, ?, ?, ?)
2020-05-21 16:05:34.819 TRACE 3394 --- [    Test worker] o.h.type.descriptor.sql.BasicBinder      : binding parameter [1] as [VARCHAR] - [null]
2020-05-21 16:05:34.821 TRACE 3394 --- [    Test worker] o.h.type.descriptor.sql.BasicBinder      : binding parameter [2] as [VARCHAR] - [null]
2020-05-21 16:05:34.822 TRACE 3394 --- [    Test worker] o.h.type.descriptor.sql.BasicBinder      : binding parameter [3] as [VARCHAR] - [null]
2020-05-21 16:05:34.823 TRACE 3394 --- [    Test worker] o.h.type.descriptor.sql.BasicBinder      : binding parameter [4] as [VARCHAR] - [null]
2020-05-21 16:05:34.823 TRACE 3394 --- [    Test worker] o.h.type.descriptor.sql.BasicBinder      : binding parameter [5] as [VARCHAR] - [null]
2020-05-21 16:05:34.824 TRACE 3394 --- [    Test worker] o.h.type.descriptor.sql.BasicBinder      : binding parameter [6] as [VARCHAR] - [jp17528]
2020-05-21 16:05:34.824 TRACE 3394 --- [    Test worker] o.h.type.descriptor.sql.BasicBinder      : binding parameter [7] as [VARCHAR] - [null]
2020-05-21 16:05:34.824 TRACE 3394 --- [    Test worker] o.h.type.descriptor.sql.BasicBinder      : binding parameter [8] as [VARCHAR] - [null]
2020-05-21 16:05:34.824 TRACE 3394 --- [    Test worker] o.h.type.descriptor.sql.BasicBinder      : binding parameter [9] as [VARCHAR] - [null]
2020-05-21 16:05:34.825 TRACE 3394 --- [    Test worker] o.h.type.descriptor.sql.BasicBinder      : binding parameter [10] as [VARCHAR] - [null]
2020-05-21 16:05:34.825 TRACE 3394 --- [    Test worker] o.h.type.descriptor.sql.BasicBinder      : binding parameter [11] as [VARCHAR] - [null]
2020-05-21 16:05:34.826 TRACE 3394 --- [    Test worker] o.h.type.descriptor.sql.BasicBinder      : binding parameter [13] as [VARCHAR] - [null]
2020-05-21 16:05:34.827 TRACE 3394 --- [    Test worker] o.h.type.descriptor.sql.BasicBinder      : binding parameter [14] as [BIGINT] - [11]
2020-05-21 16:05:34.834  INFO 3394 --- [    Test worker] p6spy                                    : #1590044734834 | took 1ms | statement | connection 9| url jdbc:h2:mem:testdb
insert into member (department, email_address, first_name, group_allocation, last_name, name, notes, pathway, priority, research_group, role, status, supervisor, member_id) values (?, ?, ?, ?, ?, ?, ?, ?, ?, ?, ?, ?, ?, ?)
insert into member (department, email_address, first_name, group_allocation, last_name, name, notes, pathway, priority, research_group, role, status, supervisor, member_id) values (NULL, NULL, NULL, NULL, NULL, 'jp17528', NULL, NULL, NULL, NULL, NULL, NULL, NULL, 11);
2020-05-21 16:05:34.849  INFO 3394 --- [    Test worker] p6spy                                    : #1590044734849 | took 0ms | commit | connection 9| url jdbc:h2:mem:testdb

;
2020-05-21 16:05:34.852  INFO 3394 --- [    Test worker] o.s.t.c.transaction.TransactionContext   : Committed transaction for test: [DefaultTestContext@59f9522 testClass = MemberServiceTest, testInstance = jpabook.jpashop.service.MemberServiceTest@52f1d69b, testMethod = REGISTER_MEMBER@MemberServiceTest, testException = [null], mergedContextConfiguration = [WebMergedContextConfiguration@51473efd testClass = MemberServiceTest, locations = '{}', classes = '{class jpabook.jpashop.JpashopApplication}', contextInitializerClasses = '[]', activeProfiles = '{}', propertySourceLocations = '{}', propertySourceProperties = '{org.springframework.boot.test.context.SpringBootTestContextBootstrapper=true}', contextCustomizers = set[org.springframework.boot.test.autoconfigure.properties.PropertyMappingContextCustomizer@0, org.springframework.boot.test.autoconfigure.web.servlet.WebDriverContextCustomizerFactory$Customizer@41206f4d, org.springframework.boot.test.context.filter.ExcludeFilterContextCustomizer@6ed567d9, org.springframework.boot.test.json.DuplicateJsonObjectContextCustomizerFactory$DuplicateJsonObjectContextCustomizer@533811d6, org.springframework.boot.test.mock.mockito.MockitoContextCustomizer@0, org.springframework.boot.test.web.client.TestRestTemplateContextCustomizer@6a762210], resourceBasePath = 'src/main/webapp', contextLoader = 'org.springframework.boot.test.context.SpringBootContextLoader', parent = [null]], attributes = map['org.springframework.test.context.web.ServletTestExecutionListener.activateListener' -> true, 'org.springframework.test.context.web.ServletTestExecutionListener.populatedRequestContextHolder' -> true, 'org.springframework.test.context.web.ServletTestExecutionListener.resetRequestContextHolder' -> true]]
2020-05-21 16:05:34.858  INFO 3394 --- [    Test worker] o.s.t.c.transaction.TransactionContext   : Began transaction (1) for test context [DefaultTestContext@59f9522 testClass = MemberServiceTest, testInstance = jpabook.jpashop.service.MemberServiceTest@a5fd6d9, testMethod = DUPLICATED_REGISTER_MEMBER_ID@MemberServiceTest, testException = [null], mergedContextConfiguration = [WebMergedContextConfiguration@51473efd testClass = MemberServiceTest, locations = '{}', classes = '{class jpabook.jpashop.JpashopApplication}', contextInitializerClasses = '[]', activeProfiles = '{}', propertySourceLocations = '{}', propertySourceProperties = '{org.springframework.boot.test.context.SpringBootTestContextBootstrapper=true}', contextCustomizers = set[org.springframework.boot.test.autoconfigure.properties.PropertyMappingContextCustomizer@0, org.springframework.boot.test.autoconfigure.web.servlet.WebDriverContextCustomizerFactory$Customizer@41206f4d, org.springframework.boot.test.context.filter.ExcludeFilterContextCustomizer@6ed567d9, org.springframework.boot.test.json.DuplicateJsonObjectContextCustomizerFactory$DuplicateJsonObjectContextCustomizer@533811d6, org.springframework.boot.test.mock.mockito.MockitoContextCustomizer@0, org.springframework.boot.test.web.client.TestRestTemplateContextCustomizer@6a762210], resourceBasePath = 'src/main/webapp', contextLoader = 'org.springframework.boot.test.context.SpringBootContextLoader', parent = [null]], attributes = map['org.springframework.test.context.web.ServletTestExecutionListener.activateListener' -> true, 'org.springframework.test.context.web.ServletTestExecutionListener.populatedRequestContextHolder' -> true, 'org.springframework.test.context.web.ServletTestExecutionListener.resetRequestContextHolder' -> true]]; transaction manager [org.springframework.orm.jpa.JpaTransactionManager@8d6bf9d]; rollback [true]
2020-05-21 16:05:34.861 DEBUG 3394 --- [    Test worker] org.hibernate.SQL                        : select member0_.member_id as member_i1_3_, member0_.department as departme2_3_, member0_.email_address as email_ad3_3_, member0_.first_name as first_na4_3_, member0_.group_allocation as group_al5_3_, member0_.last_name as last_nam6_3_, member0_.name as name7_3_, member0_.notes as notes8_3_, member0_.pathway as pathway9_3_, member0_.priority as priorit10_3_, member0_.research_group as researc11_3_, member0_.role as role12_3_, member0_.status as status13_3_, member0_.supervisor as supervi14_3_ from member member0_ where member0_.name=?
2020-05-21 16:05:34.862 TRACE 3394 --- [    Test worker] o.h.type.descriptor.sql.BasicBinder      : binding parameter [1] as [VARCHAR] - [jp17528]
2020-05-21 16:05:34.863  INFO 3394 --- [    Test worker] p6spy                                    : #1590044734863 | took 0ms | statement | connection 10| url jdbc:h2:mem:testdb
select member0_.member_id as member_i1_3_, member0_.department as departme2_3_, member0_.email_address as email_ad3_3_, member0_.first_name as first_na4_3_, member0_.group_allocation as group_al5_3_, member0_.last_name as last_nam6_3_, member0_.name as name7_3_, member0_.notes as notes8_3_, member0_.pathway as pathway9_3_, member0_.priority as priorit10_3_, member0_.research_group as researc11_3_, member0_.role as role12_3_, member0_.status as status13_3_, member0_.supervisor as supervi14_3_ from member member0_ where member0_.name=?
select member0_.member_id as member_i1_3_, member0_.department as departme2_3_, member0_.email_address as email_ad3_3_, member0_.first_name as first_na4_3_, member0_.group_allocation as group_al5_3_, member0_.last_name as last_nam6_3_, member0_.name as name7_3_, member0_.notes as notes8_3_, member0_.pathway as pathway9_3_, member0_.priority as priorit10_3_, member0_.research_group as researc11_3_, member0_.role as role12_3_, member0_.status as status13_3_, member0_.supervisor as supervi14_3_ from member member0_ where member0_.name='jp17528';
2020-05-21 16:05:34.867 TRACE 3394 --- [    Test worker] o.h.type.descriptor.sql.BasicExtractor   : extracted value ([member_i1_3_] : [BIGINT]) - [11]
2020-05-21 16:05:34.874 TRACE 3394 --- [    Test worker] o.h.type.descriptor.sql.BasicExtractor   : extracted value ([departme2_3_] : [VARCHAR]) - [null]
2020-05-21 16:05:34.883 TRACE 3394 --- [    Test worker] o.h.type.descriptor.sql.BasicExtractor   : extracted value ([email_ad3_3_] : [VARCHAR]) - [null]
2020-05-21 16:05:34.884 TRACE 3394 --- [    Test worker] o.h.type.descriptor.sql.BasicExtractor   : extracted value ([first_na4_3_] : [VARCHAR]) - [null]
2020-05-21 16:05:34.884 TRACE 3394 --- [    Test worker] o.h.type.descriptor.sql.BasicExtractor   : extracted value ([group_al5_3_] : [VARCHAR]) - [null]
2020-05-21 16:05:34.886 TRACE 3394 --- [    Test worker] o.h.type.descriptor.sql.BasicExtractor   : extracted value ([last_nam6_3_] : [VARCHAR]) - [null]
2020-05-21 16:05:34.887 TRACE 3394 --- [    Test worker] o.h.type.descriptor.sql.BasicExtractor   : extracted value ([name7_3_] : [VARCHAR]) - [jp17528]
2020-05-21 16:05:34.888 TRACE 3394 --- [    Test worker] o.h.type.descriptor.sql.BasicExtractor   : extracted value ([notes8_3_] : [VARCHAR]) - [null]
2020-05-21 16:05:34.888 TRACE 3394 --- [    Test worker] o.h.type.descriptor.sql.BasicExtractor   : extracted value ([pathway9_3_] : [VARCHAR]) - [null]
2020-05-21 16:05:34.888 TRACE 3394 --- [    Test worker] o.h.type.descriptor.sql.BasicExtractor   : extracted value ([priorit10_3_] : [VARCHAR]) - [null]
2020-05-21 16:05:34.888 TRACE 3394 --- [    Test worker] o.h.type.descriptor.sql.BasicExtractor   : extracted value ([researc11_3_] : [VARCHAR]) - [null]
2020-05-21 16:05:34.889 TRACE 3394 --- [    Test worker] o.h.type.descriptor.sql.BasicExtractor   : extracted value ([role12_3_] : [VARCHAR]) - [null]
2020-05-21 16:05:34.890 TRACE 3394 --- [    Test worker] o.h.type.descriptor.sql.BasicExtractor   : extracted value ([supervi14_3_] : [VARCHAR]) - [null]
2020-05-21 16:05:34.931 TRACE 3394 --- [    Test worker] org.hibernate.type.CollectionType        : Created collection wrapper: [jpabook.jpashop.domain.Member.orders#11]
2020-05-21 16:05:34.935  INFO 3394 --- [    Test worker] p6spy                                    : #1590044734935 | took 0ms | rollback | connection 10| url jdbc:h2:mem:testdb

;
2020-05-21 16:05:34.938  INFO 3394 --- [    Test worker] o.s.t.c.transaction.TransactionContext   : Rolled back transaction for test: [DefaultTestContext@59f9522 testClass = MemberServiceTest, testInstance = jpabook.jpashop.service.MemberServiceTest@a5fd6d9, testMethod = DUPLICATED_REGISTER_MEMBER_ID@MemberServiceTest, testException = [null], mergedContextConfiguration = [WebMergedContextConfiguration@51473efd testClass = MemberServiceTest, locations = '{}', classes = '{class jpabook.jpashop.JpashopApplication}', contextInitializerClasses = '[]', activeProfiles = '{}', propertySourceLocations = '{}', propertySourceProperties = '{org.springframework.boot.test.context.SpringBootTestContextBootstrapper=true}', contextCustomizers = set[org.springframework.boot.test.autoconfigure.properties.PropertyMappingContextCustomizer@0, org.springframework.boot.test.autoconfigure.web.servlet.WebDriverContextCustomizerFactory$Customizer@41206f4d, org.springframework.boot.test.context.filter.ExcludeFilterContextCustomizer@6ed567d9, org.springframework.boot.test.json.DuplicateJsonObjectContextCustomizerFactory$DuplicateJsonObjectContextCustomizer@533811d6, org.springframework.boot.test.mock.mockito.MockitoContextCustomizer@0, org.springframework.boot.test.web.client.TestRestTemplateContextCustomizer@6a762210], resourceBasePath = 'src/main/webapp', contextLoader = 'org.springframework.boot.test.context.SpringBootContextLoader', parent = [null]], attributes = map['org.springframework.test.context.web.ServletTestExecutionListener.activateListener' -> true, 'org.springframework.test.context.web.ServletTestExecutionListener.populatedRequestContextHolder' -> true, 'org.springframework.test.context.web.ServletTestExecutionListener.resetRequestContextHolder' -> true]]
2020-05-21 16:05:34.970  INFO 3394 --- [    Test worker] o.s.t.c.transaction.TransactionContext   : Began transaction (1) for test context [DefaultTestContext@59f9522 testClass = MemberServiceTest, testInstance = jpabook.jpashop.service.MemberServiceTest@6b959fba, testMethod = DUPLICATED_REGISTER_MEMBER_EMAIL_ADDRESS@MemberServiceTest, testException = [null], mergedContextConfiguration = [WebMergedContextConfiguration@51473efd testClass = MemberServiceTest, locations = '{}', classes = '{class jpabook.jpashop.JpashopApplication}', contextInitializerClasses = '[]', activeProfiles = '{}', propertySourceLocations = '{}', propertySourceProperties = '{org.springframework.boot.test.context.SpringBootTestContextBootstrapper=true}', contextCustomizers = set[org.springframework.boot.test.autoconfigure.properties.PropertyMappingContextCustomizer@0, org.springframework.boot.test.autoconfigure.web.servlet.WebDriverContextCustomizerFactory$Customizer@41206f4d, org.springframework.boot.test.context.filter.ExcludeFilterContextCustomizer@6ed567d9, org.springframework.boot.test.json.DuplicateJsonObjectContextCustomizerFactory$DuplicateJsonObjectContextCustomizer@533811d6, org.springframework.boot.test.mock.mockito.MockitoContextCustomizer@0, org.springframework.boot.test.web.client.TestRestTemplateContextCustomizer@6a762210], resourceBasePath = 'src/main/webapp', contextLoader = 'org.springframework.boot.test.context.SpringBootContextLoader', parent = [null]], attributes = map['org.springframework.test.context.web.ServletTestExecutionListener.activateListener' -> true, 'org.springframework.test.context.web.ServletTestExecutionListener.populatedRequestContextHolder' -> true, 'org.springframework.test.context.web.ServletTestExecutionListener.resetRequestContextHolder' -> true]]; transaction manager [org.springframework.orm.jpa.JpaTransactionManager@8d6bf9d]; rollback [true]
2020-05-21 16:05:34.983 DEBUG 3394 --- [    Test worker] org.hibernate.SQL                        : select member0_.member_id as member_i1_3_, member0_.department as departme2_3_, member0_.email_address as email_ad3_3_, member0_.first_name as first_na4_3_, member0_.group_allocation as group_al5_3_, member0_.last_name as last_nam6_3_, member0_.name as name7_3_, member0_.notes as notes8_3_, member0_.pathway as pathway9_3_, member0_.priority as priorit10_3_, member0_.research_group as researc11_3_, member0_.role as role12_3_, member0_.status as status13_3_, member0_.supervisor as supervi14_3_ from member member0_ where member0_.name=?
2020-05-21 16:05:34.989 TRACE 3394 --- [    Test worker] o.h.type.descriptor.sql.BasicBinder      : binding parameter [1] as [VARCHAR] - [null]
2020-05-21 16:05:34.989  INFO 3394 --- [    Test worker] p6spy                                    : #1590044734989 | took 0ms | statement | connection 11| url jdbc:h2:mem:testdb
select member0_.member_id as member_i1_3_, member0_.department as departme2_3_, member0_.email_address as email_ad3_3_, member0_.first_name as first_na4_3_, member0_.group_allocation as group_al5_3_, member0_.last_name as last_nam6_3_, member0_.name as name7_3_, member0_.notes as notes8_3_, member0_.pathway as pathway9_3_, member0_.priority as priorit10_3_, member0_.research_group as researc11_3_, member0_.role as role12_3_, member0_.status as status13_3_, member0_.supervisor as supervi14_3_ from member member0_ where member0_.name=?
select member0_.member_id as member_i1_3_, member0_.department as departme2_3_, member0_.email_address as email_ad3_3_, member0_.first_name as first_na4_3_, member0_.group_allocation as group_al5_3_, member0_.last_name as last_nam6_3_, member0_.name as name7_3_, member0_.notes as notes8_3_, member0_.pathway as pathway9_3_, member0_.priority as priorit10_3_, member0_.research_group as researc11_3_, member0_.role as role12_3_, member0_.status as status13_3_, member0_.supervisor as supervi14_3_ from member member0_ where member0_.name=NULL;
2020-05-21 16:05:34.991 DEBUG 3394 --- [    Test worker] org.hibernate.SQL                        : select member0_.member_id as member_i1_3_, member0_.department as departme2_3_, member0_.email_address as email_ad3_3_, member0_.first_name as first_na4_3_, member0_.group_allocation as group_al5_3_, member0_.last_name as last_nam6_3_, member0_.name as name7_3_, member0_.notes as notes8_3_, member0_.pathway as pathway9_3_, member0_.priority as priorit10_3_, member0_.research_group as researc11_3_, member0_.role as role12_3_, member0_.status as status13_3_, member0_.supervisor as supervi14_3_ from member member0_ where member0_.email_address=?
2020-05-21 16:05:34.993 TRACE 3394 --- [    Test worker] o.h.type.descriptor.sql.BasicBinder      : binding parameter [1] as [VARCHAR] - [jp17528]
2020-05-21 16:05:35.023  INFO 3394 --- [    Test worker] p6spy                                    : #1590044735023 | took 0ms | statement | connection 11| url jdbc:h2:mem:testdb
select member0_.member_id as member_i1_3_, member0_.department as departme2_3_, member0_.email_address as email_ad3_3_, member0_.first_name as first_na4_3_, member0_.group_allocation as group_al5_3_, member0_.last_name as last_nam6_3_, member0_.name as name7_3_, member0_.notes as notes8_3_, member0_.pathway as pathway9_3_, member0_.priority as priorit10_3_, member0_.research_group as researc11_3_, member0_.role as role12_3_, member0_.status as status13_3_, member0_.supervisor as supervi14_3_ from member member0_ where member0_.email_address=?
select member0_.member_id as member_i1_3_, member0_.department as departme2_3_, member0_.email_address as email_ad3_3_, member0_.first_name as first_na4_3_, member0_.group_allocation as group_al5_3_, member0_.last_name as last_nam6_3_, member0_.name as name7_3_, member0_.notes as notes8_3_, member0_.pathway as pathway9_3_, member0_.priority as priorit10_3_, member0_.research_group as researc11_3_, member0_.role as role12_3_, member0_.status as status13_3_, member0_.supervisor as supervi14_3_ from member member0_ where member0_.email_address='jp17528';
2020-05-21 16:05:35.027 DEBUG 3394 --- [    Test worker] org.hibernate.SQL                        : call next value for hibernate_sequence
2020-05-21 16:05:35.027  INFO 3394 --- [    Test worker] p6spy                                    : #1590044735027 | took 0ms | statement | connection 11| url jdbc:h2:mem:testdb
call next value for hibernate_sequence
call next value for hibernate_sequence;
2020-05-21 16:05:35.035 DEBUG 3394 --- [    Test worker] org.hibernate.SQL                        : insert into member (department, email_address, first_name, group_allocation, last_name, name, notes, pathway, priority, research_group, role, status, supervisor, member_id) values (?, ?, ?, ?, ?, ?, ?, ?, ?, ?, ?, ?, ?, ?)
2020-05-21 16:05:35.036 TRACE 3394 --- [    Test worker] o.h.type.descriptor.sql.BasicBinder      : binding parameter [1] as [VARCHAR] - [null]
2020-05-21 16:05:35.036 TRACE 3394 --- [    Test worker] o.h.type.descriptor.sql.BasicBinder      : binding parameter [2] as [VARCHAR] - [jp17528]
2020-05-21 16:05:35.037 TRACE 3394 --- [    Test worker] o.h.type.descriptor.sql.BasicBinder      : binding parameter [3] as [VARCHAR] - [null]
2020-05-21 16:05:35.038 TRACE 3394 --- [    Test worker] o.h.type.descriptor.sql.BasicBinder      : binding parameter [4] as [VARCHAR] - [null]
2020-05-21 16:05:35.039 TRACE 3394 --- [    Test worker] o.h.type.descriptor.sql.BasicBinder      : binding parameter [5] as [VARCHAR] - [null]
2020-05-21 16:05:35.039 TRACE 3394 --- [    Test worker] o.h.type.descriptor.sql.BasicBinder      : binding parameter [6] as [VARCHAR] - [null]
2020-05-21 16:05:35.040 TRACE 3394 --- [    Test worker] o.h.type.descriptor.sql.BasicBinder      : binding parameter [7] as [VARCHAR] - [null]
2020-05-21 16:05:35.040 TRACE 3394 --- [    Test worker] o.h.type.descriptor.sql.BasicBinder      : binding parameter [8] as [VARCHAR] - [null]
2020-05-21 16:05:35.040 TRACE 3394 --- [    Test worker] o.h.type.descriptor.sql.BasicBinder      : binding parameter [9] as [VARCHAR] - [null]
2020-05-21 16:05:35.041 TRACE 3394 --- [    Test worker] o.h.type.descriptor.sql.BasicBinder      : binding parameter [10] as [VARCHAR] - [null]
2020-05-21 16:05:35.041 TRACE 3394 --- [    Test worker] o.h.type.descriptor.sql.BasicBinder      : binding parameter [11] as [VARCHAR] - [null]
2020-05-21 16:05:35.042 TRACE 3394 --- [    Test worker] o.h.type.descriptor.sql.BasicBinder      : binding parameter [13] as [VARCHAR] - [null]
2020-05-21 16:05:35.043 TRACE 3394 --- [    Test worker] o.h.type.descriptor.sql.BasicBinder      : binding parameter [14] as [BIGINT] - [12]
2020-05-21 16:05:35.043  INFO 3394 --- [    Test worker] p6spy                                    : #1590044735043 | took 0ms | statement | connection 11| url jdbc:h2:mem:testdb
insert into member (department, email_address, first_name, group_allocation, last_name, name, notes, pathway, priority, research_group, role, status, supervisor, member_id) values (?, ?, ?, ?, ?, ?, ?, ?, ?, ?, ?, ?, ?, ?)
insert into member (department, email_address, first_name, group_allocation, last_name, name, notes, pathway, priority, research_group, role, status, supervisor, member_id) values (NULL, 'jp17528', NULL, NULL, NULL, NULL, NULL, NULL, NULL, NULL, NULL, NULL, NULL, 12);
2020-05-21 16:05:35.045 DEBUG 3394 --- [    Test worker] org.hibernate.SQL                        : select member0_.member_id as member_i1_3_, member0_.department as departme2_3_, member0_.email_address as email_ad3_3_, member0_.first_name as first_na4_3_, member0_.group_allocation as group_al5_3_, member0_.last_name as last_nam6_3_, member0_.name as name7_3_, member0_.notes as notes8_3_, member0_.pathway as pathway9_3_, member0_.priority as priorit10_3_, member0_.research_group as researc11_3_, member0_.role as role12_3_, member0_.status as status13_3_, member0_.supervisor as supervi14_3_ from member member0_ where member0_.name=?
2020-05-21 16:05:35.046 TRACE 3394 --- [    Test worker] o.h.type.descriptor.sql.BasicBinder      : binding parameter [1] as [VARCHAR] - [null]
2020-05-21 16:05:35.047  INFO 3394 --- [    Test worker] p6spy                                    : #1590044735047 | took 0ms | statement | connection 11| url jdbc:h2:mem:testdb
select member0_.member_id as member_i1_3_, member0_.department as departme2_3_, member0_.email_address as email_ad3_3_, member0_.first_name as first_na4_3_, member0_.group_allocation as group_al5_3_, member0_.last_name as last_nam6_3_, member0_.name as name7_3_, member0_.notes as notes8_3_, member0_.pathway as pathway9_3_, member0_.priority as priorit10_3_, member0_.research_group as researc11_3_, member0_.role as role12_3_, member0_.status as status13_3_, member0_.supervisor as supervi14_3_ from member member0_ where member0_.name=?
select member0_.member_id as member_i1_3_, member0_.department as departme2_3_, member0_.email_address as email_ad3_3_, member0_.first_name as first_na4_3_, member0_.group_allocation as group_al5_3_, member0_.last_name as last_nam6_3_, member0_.name as name7_3_, member0_.notes as notes8_3_, member0_.pathway as pathway9_3_, member0_.priority as priorit10_3_, member0_.research_group as researc11_3_, member0_.role as role12_3_, member0_.status as status13_3_, member0_.supervisor as supervi14_3_ from member member0_ where member0_.name=NULL;
2020-05-21 16:05:35.052 DEBUG 3394 --- [    Test worker] org.hibernate.SQL                        : select member0_.member_id as member_i1_3_, member0_.department as departme2_3_, member0_.email_address as email_ad3_3_, member0_.first_name as first_na4_3_, member0_.group_allocation as group_al5_3_, member0_.last_name as last_nam6_3_, member0_.name as name7_3_, member0_.notes as notes8_3_, member0_.pathway as pathway9_3_, member0_.priority as priorit10_3_, member0_.research_group as researc11_3_, member0_.role as role12_3_, member0_.status as status13_3_, member0_.supervisor as supervi14_3_ from member member0_ where member0_.email_address=?
2020-05-21 16:05:35.053 TRACE 3394 --- [    Test worker] o.h.type.descriptor.sql.BasicBinder      : binding parameter [1] as [VARCHAR] - [jp17528]
2020-05-21 16:05:35.055  INFO 3394 --- [    Test worker] p6spy                                    : #1590044735055 | took 0ms | statement | connection 11| url jdbc:h2:mem:testdb
select member0_.member_id as member_i1_3_, member0_.department as departme2_3_, member0_.email_address as email_ad3_3_, member0_.first_name as first_na4_3_, member0_.group_allocation as group_al5_3_, member0_.last_name as last_nam6_3_, member0_.name as name7_3_, member0_.notes as notes8_3_, member0_.pathway as pathway9_3_, member0_.priority as priorit10_3_, member0_.research_group as researc11_3_, member0_.role as role12_3_, member0_.status as status13_3_, member0_.supervisor as supervi14_3_ from member member0_ where member0_.email_address=?
select member0_.member_id as member_i1_3_, member0_.department as departme2_3_, member0_.email_address as email_ad3_3_, member0_.first_name as first_na4_3_, member0_.group_allocation as group_al5_3_, member0_.last_name as last_nam6_3_, member0_.name as name7_3_, member0_.notes as notes8_3_, member0_.pathway as pathway9_3_, member0_.priority as priorit10_3_, member0_.research_group as researc11_3_, member0_.role as role12_3_, member0_.status as status13_3_, member0_.supervisor as supervi14_3_ from member member0_ where member0_.email_address='jp17528';
2020-05-21 16:05:35.104 TRACE 3394 --- [    Test worker] o.h.type.descriptor.sql.BasicExtractor   : extracted value ([member_i1_3_] : [BIGINT]) - [12]
2020-05-21 16:05:35.107  INFO 3394 --- [    Test worker] p6spy                                    : #1590044735107 | took 0ms | rollback | connection 11| url jdbc:h2:mem:testdb

;
2020-05-21 16:05:35.108  INFO 3394 --- [    Test worker] o.s.t.c.transaction.TransactionContext   : Rolled back transaction for test: [DefaultTestContext@59f9522 testClass = MemberServiceTest, testInstance = jpabook.jpashop.service.MemberServiceTest@6b959fba, testMethod = DUPLICATED_REGISTER_MEMBER_EMAIL_ADDRESS@MemberServiceTest, testException = [null], mergedContextConfiguration = [WebMergedContextConfiguration@51473efd testClass = MemberServiceTest, locations = '{}', classes = '{class jpabook.jpashop.JpashopApplication}', contextInitializerClasses = '[]', activeProfiles = '{}', propertySourceLocations = '{}', propertySourceProperties = '{org.springframework.boot.test.context.SpringBootTestContextBootstrapper=true}', contextCustomizers = set[org.springframework.boot.test.autoconfigure.properties.PropertyMappingContextCustomizer@0, org.springframework.boot.test.autoconfigure.web.servlet.WebDriverContextCustomizerFactory$Customizer@41206f4d, org.springframework.boot.test.context.filter.ExcludeFilterContextCustomizer@6ed567d9, org.springframework.boot.test.json.DuplicateJsonObjectContextCustomizerFactory$DuplicateJsonObjectContextCustomizer@533811d6, org.springframework.boot.test.mock.mockito.MockitoContextCustomizer@0, org.springframework.boot.test.web.client.TestRestTemplateContextCustomizer@6a762210], resourceBasePath = 'src/main/webapp', contextLoader = 'org.springframework.boot.test.context.SpringBootContextLoader', parent = [null]], attributes = map['org.springframework.test.context.web.ServletTestExecutionListener.activateListener' -> true, 'org.springframework.test.context.web.ServletTestExecutionListener.populatedRequestContextHolder' -> true, 'org.springframework.test.context.web.ServletTestExecutionListener.resetRequestContextHolder' -> true]]
]]></system-out>
  <system-err><![CDATA[]]></system-err>
</testsuite>
