<?xml version="1.0" encoding="UTF-8"?>
<testsuite name="jpabook.jpashop.service.LocationServiceTest" tests="2" skipped="0" failures="0" errors="0" timestamp="2020-05-21T07:05:35" hostname="MacBook-Pro.local" time="0.248">
  <properties/>
  <testcase name="REGISTER_LOCATION" classname="jpabook.jpashop.service.LocationServiceTest" time="0.146"/>
  <testcase name="DUPLICATED_REGISTER_LOCATION" classname="jpabook.jpashop.service.LocationServiceTest" time="0.101"/>
  <system-out><![CDATA[2020-05-21 16:05:35.124  INFO 3394 --- [    Test worker] .b.t.c.SpringBootTestContextBootstrapper : Neither @ContextConfiguration nor @ContextHierarchy found for test class [jpabook.jpashop.service.LocationServiceTest], using SpringBootContextLoader
2020-05-21 16:05:35.125  INFO 3394 --- [    Test worker] o.s.t.c.support.AbstractContextLoader    : Could not detect default resource locations for test class [jpabook.jpashop.service.LocationServiceTest]: no resource found for suffixes {-context.xml, Context.groovy}.
2020-05-21 16:05:35.125  INFO 3394 --- [    Test worker] t.c.s.AnnotationConfigContextLoaderUtils : Could not detect default configuration classes for test class [jpabook.jpashop.service.LocationServiceTest]: LocationServiceTest does not declare any static, non-private, non-final, nested classes annotated with @Configuration.
2020-05-21 16:05:35.134  INFO 3394 --- [    Test worker] .b.t.c.SpringBootTestContextBootstrapper : Found @SpringBootConfiguration jpabook.jpashop.JpashopApplication for test class jpabook.jpashop.service.LocationServiceTest
2020-05-21 16:05:35.136  INFO 3394 --- [    Test worker] .b.t.c.SpringBootTestContextBootstrapper : Loaded default TestExecutionListener class names from location [META-INF/spring.factories]: [org.springframework.security.test.context.support.WithSecurityContextTestExecutionListener, org.springframework.security.test.context.support.ReactorContextTestExecutionListener, org.springframework.boot.test.autoconfigure.restdocs.RestDocsTestExecutionListener, org.springframework.boot.test.autoconfigure.web.client.MockRestServiceServerResetTestExecutionListener, org.springframework.boot.test.autoconfigure.web.servlet.MockMvcPrintOnlyOnFailureTestExecutionListener, org.springframework.boot.test.autoconfigure.web.servlet.WebDriverTestExecutionListener, org.springframework.boot.test.mock.mockito.MockitoTestExecutionListener, org.springframework.boot.test.mock.mockito.ResetMocksTestExecutionListener, org.springframework.test.context.web.ServletTestExecutionListener, org.springframework.test.context.support.DirtiesContextBeforeModesTestExecutionListener, org.springframework.test.context.support.DependencyInjectionTestExecutionListener, org.springframework.test.context.support.DirtiesContextTestExecutionListener, org.springframework.test.context.transaction.TransactionalTestExecutionListener, org.springframework.test.context.jdbc.SqlScriptsTestExecutionListener]
2020-05-21 16:05:35.143  INFO 3394 --- [    Test worker] .b.t.c.SpringBootTestContextBootstrapper : Using TestExecutionListeners: [org.springframework.test.context.web.ServletTestExecutionListener@3442981d, org.springframework.test.context.support.DirtiesContextBeforeModesTestExecutionListener@735fd3aa, org.springframework.boot.test.mock.mockito.MockitoTestExecutionListener@48cd9be0, org.springframework.boot.test.autoconfigure.SpringBootDependencyInjectionTestExecutionListener@77c29e7a, org.springframework.test.context.support.DirtiesContextTestExecutionListener@57e072ef, org.springframework.test.context.transaction.TransactionalTestExecutionListener@5aaf393a, org.springframework.test.context.jdbc.SqlScriptsTestExecutionListener@7e99ab14, org.springframework.security.test.context.support.WithSecurityContextTestExecutionListener@1d4bcbf3, org.springframework.security.test.context.support.ReactorContextTestExecutionListener@4968b5bf, org.springframework.boot.test.autoconfigure.restdocs.RestDocsTestExecutionListener@6aad3341, org.springframework.boot.test.autoconfigure.web.client.MockRestServiceServerResetTestExecutionListener@595fe40b, org.springframework.boot.test.autoconfigure.web.servlet.MockMvcPrintOnlyOnFailureTestExecutionListener@1a08b880, org.springframework.boot.test.autoconfigure.web.servlet.WebDriverTestExecutionListener@16c12333, org.springframework.boot.test.mock.mockito.ResetMocksTestExecutionListener@15753d91]
2020-05-21 16:05:35.157  INFO 3394 --- [    Test worker] o.s.t.c.transaction.TransactionContext   : Began transaction (1) for test context [DefaultTestContext@b98c3c5 testClass = LocationServiceTest, testInstance = jpabook.jpashop.service.LocationServiceTest@3fd20c4c, testMethod = REGISTER_LOCATION@LocationServiceTest, testException = [null], mergedContextConfiguration = [WebMergedContextConfiguration@1e3a987d testClass = LocationServiceTest, locations = '{}', classes = '{class jpabook.jpashop.JpashopApplication}', contextInitializerClasses = '[]', activeProfiles = '{}', propertySourceLocations = '{}', propertySourceProperties = '{org.springframework.boot.test.context.SpringBootTestContextBootstrapper=true}', contextCustomizers = set[org.springframework.boot.test.autoconfigure.properties.PropertyMappingContextCustomizer@0, org.springframework.boot.test.autoconfigure.web.servlet.WebDriverContextCustomizerFactory$Customizer@41206f4d, org.springframework.boot.test.context.filter.ExcludeFilterContextCustomizer@6ed567d9, org.springframework.boot.test.json.DuplicateJsonObjectContextCustomizerFactory$DuplicateJsonObjectContextCustomizer@533811d6, org.springframework.boot.test.mock.mockito.MockitoContextCustomizer@0, org.springframework.boot.test.web.client.TestRestTemplateContextCustomizer@6a762210], resourceBasePath = 'src/main/webapp', contextLoader = 'org.springframework.boot.test.context.SpringBootContextLoader', parent = [null]], attributes = map['org.springframework.test.context.web.ServletTestExecutionListener.activateListener' -> true, 'org.springframework.test.context.web.ServletTestExecutionListener.populatedRequestContextHolder' -> true, 'org.springframework.test.context.web.ServletTestExecutionListener.resetRequestContextHolder' -> true]]; transaction manager [org.springframework.orm.jpa.JpaTransactionManager@8d6bf9d]; rollback [false]
2020-05-21 16:05:35.218 DEBUG 3394 --- [    Test worker] org.hibernate.SQL                        : select location0_.location_id as location1_2_, location0_.name as name2_2_, location0_.room_type as room_typ3_2_, location0_.stock_quantity as stock_qu4_2_ from location location0_ where location0_.name=?
2020-05-21 16:05:35.219 TRACE 3394 --- [    Test worker] o.h.type.descriptor.sql.BasicBinder      : binding parameter [1] as [VARCHAR] - [MVB.L1.410]
2020-05-21 16:05:35.219  INFO 3394 --- [    Test worker] p6spy                                    : #1590044735219 | took 0ms | statement | connection 12| url jdbc:h2:mem:testdb
select location0_.location_id as location1_2_, location0_.name as name2_2_, location0_.room_type as room_typ3_2_, location0_.stock_quantity as stock_qu4_2_ from location location0_ where location0_.name=?
select location0_.location_id as location1_2_, location0_.name as name2_2_, location0_.room_type as room_typ3_2_, location0_.stock_quantity as stock_qu4_2_ from location location0_ where location0_.name='MVB.L1.410';
2020-05-21 16:05:35.220 DEBUG 3394 --- [    Test worker] org.hibernate.SQL                        : call next value for hibernate_sequence
2020-05-21 16:05:35.221  INFO 3394 --- [    Test worker] p6spy                                    : #1590044735221 | took 0ms | statement | connection 12| url jdbc:h2:mem:testdb
call next value for hibernate_sequence
call next value for hibernate_sequence;
2020-05-21 16:05:35.222 DEBUG 3394 --- [    Test worker] org.hibernate.SQL                        : insert into location (name, room_type, stock_quantity, location_id) values (?, ?, ?, ?)
2020-05-21 16:05:35.222 TRACE 3394 --- [    Test worker] o.h.type.descriptor.sql.BasicBinder      : binding parameter [1] as [VARCHAR] - [MVB.L1.410]
2020-05-21 16:05:35.223 TRACE 3394 --- [    Test worker] o.h.type.descriptor.sql.BasicBinder      : binding parameter [3] as [INTEGER] - [0]
2020-05-21 16:05:35.224 TRACE 3394 --- [    Test worker] o.h.type.descriptor.sql.BasicBinder      : binding parameter [4] as [BIGINT] - [13]
2020-05-21 16:05:35.227  INFO 3394 --- [    Test worker] p6spy                                    : #1590044735227 | took 0ms | statement | connection 12| url jdbc:h2:mem:testdb
insert into location (name, room_type, stock_quantity, location_id) values (?, ?, ?, ?)
insert into location (name, room_type, stock_quantity, location_id) values ('MVB.L1.410', NULL, 0, 13);
2020-05-21 16:05:35.274  INFO 3394 --- [    Test worker] p6spy                                    : #1590044735274 | took 0ms | commit | connection 12| url jdbc:h2:mem:testdb

;
2020-05-21 16:05:35.301  INFO 3394 --- [    Test worker] o.s.t.c.transaction.TransactionContext   : Committed transaction for test: [DefaultTestContext@b98c3c5 testClass = LocationServiceTest, testInstance = jpabook.jpashop.service.LocationServiceTest@3fd20c4c, testMethod = REGISTER_LOCATION@LocationServiceTest, testException = [null], mergedContextConfiguration = [WebMergedContextConfiguration@1e3a987d testClass = LocationServiceTest, locations = '{}', classes = '{class jpabook.jpashop.JpashopApplication}', contextInitializerClasses = '[]', activeProfiles = '{}', propertySourceLocations = '{}', propertySourceProperties = '{org.springframework.boot.test.context.SpringBootTestContextBootstrapper=true}', contextCustomizers = set[org.springframework.boot.test.autoconfigure.properties.PropertyMappingContextCustomizer@0, org.springframework.boot.test.autoconfigure.web.servlet.WebDriverContextCustomizerFactory$Customizer@41206f4d, org.springframework.boot.test.context.filter.ExcludeFilterContextCustomizer@6ed567d9, org.springframework.boot.test.json.DuplicateJsonObjectContextCustomizerFactory$DuplicateJsonObjectContextCustomizer@533811d6, org.springframework.boot.test.mock.mockito.MockitoContextCustomizer@0, org.springframework.boot.test.web.client.TestRestTemplateContextCustomizer@6a762210], resourceBasePath = 'src/main/webapp', contextLoader = 'org.springframework.boot.test.context.SpringBootContextLoader', parent = [null]], attributes = map['org.springframework.test.context.web.ServletTestExecutionListener.activateListener' -> true, 'org.springframework.test.context.web.ServletTestExecutionListener.populatedRequestContextHolder' -> true, 'org.springframework.test.context.web.ServletTestExecutionListener.resetRequestContextHolder' -> true]]
2020-05-21 16:05:35.305  INFO 3394 --- [    Test worker] o.s.t.c.transaction.TransactionContext   : Began transaction (1) for test context [DefaultTestContext@b98c3c5 testClass = LocationServiceTest, testInstance = jpabook.jpashop.service.LocationServiceTest@4898a0f1, testMethod = DUPLICATED_REGISTER_LOCATION@LocationServiceTest, testException = [null], mergedContextConfiguration = [WebMergedContextConfiguration@1e3a987d testClass = LocationServiceTest, locations = '{}', classes = '{class jpabook.jpashop.JpashopApplication}', contextInitializerClasses = '[]', activeProfiles = '{}', propertySourceLocations = '{}', propertySourceProperties = '{org.springframework.boot.test.context.SpringBootTestContextBootstrapper=true}', contextCustomizers = set[org.springframework.boot.test.autoconfigure.properties.PropertyMappingContextCustomizer@0, org.springframework.boot.test.autoconfigure.web.servlet.WebDriverContextCustomizerFactory$Customizer@41206f4d, org.springframework.boot.test.context.filter.ExcludeFilterContextCustomizer@6ed567d9, org.springframework.boot.test.json.DuplicateJsonObjectContextCustomizerFactory$DuplicateJsonObjectContextCustomizer@533811d6, org.springframework.boot.test.mock.mockito.MockitoContextCustomizer@0, org.springframework.boot.test.web.client.TestRestTemplateContextCustomizer@6a762210], resourceBasePath = 'src/main/webapp', contextLoader = 'org.springframework.boot.test.context.SpringBootContextLoader', parent = [null]], attributes = map['org.springframework.test.context.web.ServletTestExecutionListener.activateListener' -> true, 'org.springframework.test.context.web.ServletTestExecutionListener.populatedRequestContextHolder' -> true, 'org.springframework.test.context.web.ServletTestExecutionListener.resetRequestContextHolder' -> true]]; transaction manager [org.springframework.orm.jpa.JpaTransactionManager@8d6bf9d]; rollback [true]
2020-05-21 16:05:35.307 DEBUG 3394 --- [    Test worker] org.hibernate.SQL                        : select location0_.location_id as location1_2_, location0_.name as name2_2_, location0_.room_type as room_typ3_2_, location0_.stock_quantity as stock_qu4_2_ from location location0_ where location0_.name=?
2020-05-21 16:05:35.313 TRACE 3394 --- [    Test worker] o.h.type.descriptor.sql.BasicBinder      : binding parameter [1] as [VARCHAR] - [MVB.L0.410]
2020-05-21 16:05:35.315  INFO 3394 --- [    Test worker] p6spy                                    : #1590044735315 | took 0ms | statement | connection 13| url jdbc:h2:mem:testdb
select location0_.location_id as location1_2_, location0_.name as name2_2_, location0_.room_type as room_typ3_2_, location0_.stock_quantity as stock_qu4_2_ from location location0_ where location0_.name=?
select location0_.location_id as location1_2_, location0_.name as name2_2_, location0_.room_type as room_typ3_2_, location0_.stock_quantity as stock_qu4_2_ from location location0_ where location0_.name='MVB.L0.410';
2020-05-21 16:05:35.316 DEBUG 3394 --- [    Test worker] org.hibernate.SQL                        : call next value for hibernate_sequence
2020-05-21 16:05:35.391  INFO 3394 --- [    Test worker] p6spy                                    : #1590044735391 | took 2ms | statement | connection 13| url jdbc:h2:mem:testdb
call next value for hibernate_sequence
call next value for hibernate_sequence;
2020-05-21 16:05:35.395 DEBUG 3394 --- [    Test worker] org.hibernate.SQL                        : insert into location (name, room_type, stock_quantity, location_id) values (?, ?, ?, ?)
2020-05-21 16:05:35.395 TRACE 3394 --- [    Test worker] o.h.type.descriptor.sql.BasicBinder      : binding parameter [1] as [VARCHAR] - [MVB.L0.410]
2020-05-21 16:05:35.395 TRACE 3394 --- [    Test worker] o.h.type.descriptor.sql.BasicBinder      : binding parameter [3] as [INTEGER] - [0]
2020-05-21 16:05:35.395 TRACE 3394 --- [    Test worker] o.h.type.descriptor.sql.BasicBinder      : binding parameter [4] as [BIGINT] - [14]
2020-05-21 16:05:35.396  INFO 3394 --- [    Test worker] p6spy                                    : #1590044735396 | took 0ms | statement | connection 13| url jdbc:h2:mem:testdb
insert into location (name, room_type, stock_quantity, location_id) values (?, ?, ?, ?)
insert into location (name, room_type, stock_quantity, location_id) values ('MVB.L0.410', NULL, 0, 14);
2020-05-21 16:05:35.398 DEBUG 3394 --- [    Test worker] org.hibernate.SQL                        : select location0_.location_id as location1_2_, location0_.name as name2_2_, location0_.room_type as room_typ3_2_, location0_.stock_quantity as stock_qu4_2_ from location location0_ where location0_.name=?
2020-05-21 16:05:35.399 TRACE 3394 --- [    Test worker] o.h.type.descriptor.sql.BasicBinder      : binding parameter [1] as [VARCHAR] - [MVB.L0.410]
2020-05-21 16:05:35.399  INFO 3394 --- [    Test worker] p6spy                                    : #1590044735399 | took 0ms | statement | connection 13| url jdbc:h2:mem:testdb
select location0_.location_id as location1_2_, location0_.name as name2_2_, location0_.room_type as room_typ3_2_, location0_.stock_quantity as stock_qu4_2_ from location location0_ where location0_.name=?
select location0_.location_id as location1_2_, location0_.name as name2_2_, location0_.room_type as room_typ3_2_, location0_.stock_quantity as stock_qu4_2_ from location location0_ where location0_.name='MVB.L0.410';
2020-05-21 16:05:35.400 TRACE 3394 --- [    Test worker] o.h.type.descriptor.sql.BasicExtractor   : extracted value ([location1_2_] : [BIGINT]) - [14]
2020-05-21 16:05:35.402  INFO 3394 --- [    Test worker] p6spy                                    : #1590044735402 | took 0ms | rollback | connection 13| url jdbc:h2:mem:testdb

;
2020-05-21 16:05:35.403  INFO 3394 --- [    Test worker] o.s.t.c.transaction.TransactionContext   : Rolled back transaction for test: [DefaultTestContext@b98c3c5 testClass = LocationServiceTest, testInstance = jpabook.jpashop.service.LocationServiceTest@4898a0f1, testMethod = DUPLICATED_REGISTER_LOCATION@LocationServiceTest, testException = [null], mergedContextConfiguration = [WebMergedContextConfiguration@1e3a987d testClass = LocationServiceTest, locations = '{}', classes = '{class jpabook.jpashop.JpashopApplication}', contextInitializerClasses = '[]', activeProfiles = '{}', propertySourceLocations = '{}', propertySourceProperties = '{org.springframework.boot.test.context.SpringBootTestContextBootstrapper=true}', contextCustomizers = set[org.springframework.boot.test.autoconfigure.properties.PropertyMappingContextCustomizer@0, org.springframework.boot.test.autoconfigure.web.servlet.WebDriverContextCustomizerFactory$Customizer@41206f4d, org.springframework.boot.test.context.filter.ExcludeFilterContextCustomizer@6ed567d9, org.springframework.boot.test.json.DuplicateJsonObjectContextCustomizerFactory$DuplicateJsonObjectContextCustomizer@533811d6, org.springframework.boot.test.mock.mockito.MockitoContextCustomizer@0, org.springframework.boot.test.web.client.TestRestTemplateContextCustomizer@6a762210], resourceBasePath = 'src/main/webapp', contextLoader = 'org.springframework.boot.test.context.SpringBootContextLoader', parent = [null]], attributes = map['org.springframework.test.context.web.ServletTestExecutionListener.activateListener' -> true, 'org.springframework.test.context.web.ServletTestExecutionListener.populatedRequestContextHolder' -> true, 'org.springframework.test.context.web.ServletTestExecutionListener.resetRequestContextHolder' -> true]]
]]></system-out>
  <system-err><![CDATA[]]></system-err>
</testsuite>
